0 info it worked if it ends with ok
1 verbose cli [ '/usr/bin/node', '/usr/bin/npm', 'run', 'dev' ]
2 info using npm@3.5.2
3 info using node@v6.11.4
4 verbose run-script [ 'predev', 'dev', 'postdev' ]
5 info lifecycle PaintingWithData_Riyadh@0.0.0~predev: PaintingWithData_Riyadh@0.0.0
6 silly lifecycle PaintingWithData_Riyadh@0.0.0~predev: no script for predev, continuing
7 info lifecycle PaintingWithData_Riyadh@0.0.0~dev: PaintingWithData_Riyadh@0.0.0
8 verbose lifecycle PaintingWithData_Riyadh@0.0.0~dev: unsafe-perm in lifecycle true
9 verbose lifecycle PaintingWithData_Riyadh@0.0.0~dev: PATH: /usr/share/npm/bin/node-gyp-bin:/home/chxu/Desktop/PaintingWithData_Riyadh/node_modules/.bin:/usr/local/sbin:/usr/local/bin:/usr/sbin:/usr/bin:/sbin:/bin:/usr/games:/usr/local/games:/snap/bin:/usr/bin/mh
10 verbose lifecycle PaintingWithData_Riyadh@0.0.0~dev: CWD: /home/chxu/Desktop/PaintingWithData_Riyadh
11 silly lifecycle PaintingWithData_Riyadh@0.0.0~dev: Args: [ '-c', 'cross-env NODE_ENV=development node ./bin/www' ]
12 silly lifecycle PaintingWithData_Riyadh@0.0.0~dev: Returned: code: 1  signal: null
13 info lifecycle PaintingWithData_Riyadh@0.0.0~dev: Failed to exec dev script
14 verbose stack Error: PaintingWithData_Riyadh@0.0.0 dev: `cross-env NODE_ENV=development node ./bin/www`
14 verbose stack Exit status 1
14 verbose stack     at EventEmitter.<anonymous> (/usr/share/npm/lib/utils/lifecycle.js:232:16)
14 verbose stack     at emitTwo (events.js:106:13)
14 verbose stack     at EventEmitter.emit (events.js:191:7)
14 verbose stack     at ChildProcess.<anonymous> (/usr/share/npm/lib/utils/spawn.js:24:14)
14 verbose stack     at emitTwo (events.js:106:13)
14 verbose stack     at ChildProcess.emit (events.js:191:7)
14 verbose stack     at maybeClose (internal/child_process.js:920:16)
14 verbose stack     at Process.ChildProcess._handle.onexit (internal/child_process.js:230:5)
15 verbose pkgid PaintingWithData_Riyadh@0.0.0
16 verbose cwd /home/chxu/Desktop/PaintingWithData_Riyadh
17 error Linux 4.13.0-32-generic
18 error argv "/usr/bin/node" "/usr/bin/npm" "run" "dev"
19 error node v6.11.4
20 error npm  v3.5.2
21 error code ELIFECYCLE
22 error PaintingWithData_Riyadh@0.0.0 dev: `cross-env NODE_ENV=development node ./bin/www`
22 error Exit status 1
23 error Failed at the PaintingWithData_Riyadh@0.0.0 dev script 'cross-env NODE_ENV=development node ./bin/www'.
23 error Make sure you have the latest version of node.js and npm installed.
23 error If you do, this is most likely a problem with the PaintingWithData_Riyadh package,
23 error not with npm itself.
23 error Tell the author that this fails on your system:
23 error     cross-env NODE_ENV=development node ./bin/www
23 error You can get information on how to open an issue for this project with:
23 error     npm bugs PaintingWithData_Riyadh
23 error Or if that isn't available, you can get their info via:
23 error     npm owner ls PaintingWithData_Riyadh
23 error There is likely additional logging output above.
24 verbose exit [ 1, true ]
